gyp info it worked if it ends with ok
gyp info using node-gyp@9.3.1
gyp info using node@18.17.1 | darwin | arm64
gyp info find Python using Python version 3.9.6 found at "/Library/Developer/CommandLineTools/usr/bin/python3"
gyp info spawn /Library/Developer/CommandLineTools/usr/bin/python3
gyp info spawn args [
gyp info spawn args   '/usr/local/lib/node_modules/npm/node_modules/node-gyp/gyp/gyp_main.py',
gyp info spawn args   'binding.gyp',
gyp info spawn args   '-f',
gyp info spawn args   'make',
gyp info spawn args   '-I',
gyp info spawn args   '/Users/shubham/dev/ezo-of-server/node_modules/eiows/build/config.gypi',
gyp info spawn args   '-I',
gyp info spawn args   '/usr/local/lib/node_modules/npm/node_modules/node-gyp/addon.gypi',
gyp info spawn args   '-I',
gyp info spawn args   '/Users/shubham/Library/Caches/node-gyp/18.17.1/include/node/common.gypi',
gyp info spawn args   '-Dlibrary=shared_library',
gyp info spawn args   '-Dvisibility=default',
gyp info spawn args   '-Dnode_root_dir=/Users/shubham/Library/Caches/node-gyp/18.17.1',
gyp info spawn args   '-Dnode_gyp_dir=/usr/local/lib/node_modules/npm/node_modules/node-gyp',
gyp info spawn args   '-Dnode_lib_file=/Users/shubham/Library/Caches/node-gyp/18.17.1/<(target_arch)/node.lib',
gyp info spawn args   '-Dmodule_root_dir=/Users/shubham/dev/ezo-of-server/node_modules/eiows',
gyp info spawn args   '-Dnode_engine=v8',
gyp info spawn args   '--depth=.',
gyp info spawn args   '--no-parallel',
gyp info spawn args   '--generator-output',
gyp info spawn args   'build',
gyp info spawn args   '-Goutput_dir=.'
gyp info spawn args ]
gyp info spawn make
gyp info spawn args [ 'BUILDTYPE=Release', '-C', 'build' ]
  CXX(target) Release/obj.target/eiows/nodejs/src/addon.o
In file included from ../nodejs/src/addon.cpp:1:
In file included from ../nodejs/src/../../uWebSockets/src/Hub.h:4:
In file included from ../nodejs/src/../../uWebSockets/src/Group.h:4:
In file included from ../nodejs/src/../../uWebSockets/src/WebSocket.h:4:
In file included from ../nodejs/src/../../uWebSockets/src/WebSocketProtocol.h:5:
In file included from ../nodejs/src/../../uWebSockets/src/Networking.h:62:
In file included from /Users/shubham/Library/Caches/node-gyp/18.17.1/include/node/openssl/ssl.h:4:
In file included from /Users/shubham/Library/Caches/node-gyp/18.17.1/include/node/openssl/./ssl_asm.h:21:
In file included from /Users/shubham/Library/Caches/node-gyp/18.17.1/include/node/openssl/./archs/darwin64-arm64-cc/asm/include/openssl/ssl.h:21:
In file included from /Users/shubham/Library/Caches/node-gyp/18.17.1/include/node/openssl/macros.h:14:
In file included from /Users/shubham/Library/Caches/node-gyp/18.17.1/include/node/openssl/opensslconf.h:14:
In file included from /Users/shubham/Library/Caches/node-gyp/18.17.1/include/node/openssl/configuration.h:4:
In file included from /Users/shubham/Library/Caches/node-gyp/18.17.1/include/node/openssl/./configuration_asm.h:21:
/Users/shubham/Library/Caches/node-gyp/18.17.1/include/node/openssl/./archs/darwin64-arm64-cc/asm/include/openssl/configuration.h:33:10: warning: 'OPENSSL_CONFIGURED_API' macro redefined [-Wmacro-redefined]
# define OPENSSL_CONFIGURED_API 30000
         ^
<command line>:14:9: note: previous definition is here
#define OPENSSL_CONFIGURED_API 0x10100000L
        ^
In file included from ../nodejs/src/addon.cpp:2:
In file included from ../nodejs/src/addon.h:20:
In file included from ../nodejs/src/node_18_headers/crypto/crypto_tls.h:27:
In file included from ../nodejs/src/node_18_headers/crypto/../crypto/crypto_context.h:6:
In file included from ../nodejs/src/node_18_headers/crypto/../crypto/crypto_util.h:10:
../nodejs/src/node_18_headers/crypto/../node_internals.h:308:8: error: redefinition of 'InitializationResult'
struct InitializationResult {
       ^
/Users/shubham/Library/Caches/node-gyp/18.17.1/include/node/node.h:287:19: note: previous definition is here
class NODE_EXTERN InitializationResult {
                  ^
In file included from ../nodejs/src/addon.cpp:2:
In file included from ../nodejs/src/addon.h:20:
In file included from ../nodejs/src/node_18_headers/crypto/crypto_tls.h:27:
In file included from ../nodejs/src/node_18_headers/crypto/../crypto/crypto_context.h:6:
In file included from ../nodejs/src/node_18_headers/crypto/../crypto/crypto_util.h:10:
../nodejs/src/node_18_headers/crypto/../node_internals.h:323:42: error: return type 'node::InitializationResult' is an abstract class
InitializationResult NODE_EXTERN_PRIVATE InitializeOncePerProcess(int argc,
                                         ^
/Users/shubham/Library/Caches/node-gyp/18.17.1/include/node/node.h:292:15: note: unimplemented pure virtual method 'exit_code' in 'InitializationResult'
  virtual int exit_code() const = 0;
              ^
/Users/shubham/Library/Caches/node-gyp/18.17.1/include/node/node.h:295:16: note: unimplemented pure virtual method 'early_return' in 'InitializationResult'
  virtual bool early_return() const = 0;
               ^
/Users/shubham/Library/Caches/node-gyp/18.17.1/include/node/node.h:298:43: note: unimplemented pure virtual method 'args' in 'InitializationResult'
  virtual const std::vector<std::string>& args() const = 0;
                                          ^
/Users/shubham/Library/Caches/node-gyp/18.17.1/include/node/node.h:301:43: note: unimplemented pure virtual method 'exec_args' in 'InitializationResult'
  virtual const std::vector<std::string>& exec_args() const = 0;
                                          ^
/Users/shubham/Library/Caches/node-gyp/18.17.1/include/node/node.h:305:43: note: unimplemented pure virtual method 'errors' in 'InitializationResult'
  virtual const std::vector<std::string>& errors() const = 0;
                                          ^
/Users/shubham/Library/Caches/node-gyp/18.17.1/include/node/node.h:309:33: note: unimplemented pure virtual method 'platform' in 'InitializationResult'
  virtual MultiIsolatePlatform* platform() const = 0;
                                ^
In file included from ../nodejs/src/addon.cpp:2:
In file included from ../nodejs/src/addon.h:20:
In file included from ../nodejs/src/node_18_headers/crypto/crypto_tls.h:27:
In file included from ../nodejs/src/node_18_headers/crypto/../crypto/crypto_context.h:6:
In file included from ../nodejs/src/node_18_headers/crypto/../crypto/crypto_util.h:10:
../nodejs/src/node_18_headers/crypto/../node_internals.h:325:42: error: return type 'node::InitializationResult' is an abstract class
InitializationResult NODE_EXTERN_PRIVATE InitializeOncePerProcess(
                                         ^
In file included from ../nodejs/src/addon.cpp:2:
../nodejs/src/addon.h:77:9: warning: ignoring return value of function declared with 'warn_unused_result' attribute [-Wunused-result]
        Local<Function>::New(isolate, noop)->Call(isolate->GetCurrentContext(), Null(isolate), 0, nullptr);
        ^~~~~~~~~~~~~~~~~~~~~~~~~~~~~~~~~~~~~~~~~ ~~~~~~~~~~~~~~~~~~~~~~~~~~~~~~~~~~~~~~~~~~~~~~~~~~~~~~~
../nodejs/src/addon.h:187:5: warning: ignoring return value of function declared with 'warn_unused_result' attribute [-Wunused-result]
    array->Set(isolate->GetCurrentContext(), 0, Integer::New(isolate, address.port));
    ^~~~~~~~~~ ~~~~~~~~~~~~~~~~~~~~~~~~~~~~~~~~~~~~~~~~~~~~~~~~~~~~~~~~~~~~~~~~~~~~
../nodejs/src/addon.h:188:5: warning: ignoring return value of function declared with 'warn_unused_result' attribute [-Wunused-result]
    array->Set(isolate->GetCurrentContext(), 1, String::NewFromUtf8(isolate, address.address, NewStringType::kNormal).ToLocalChecked());
    ^~~~~~~~~~ ~~~~~~~~~~~~~~~~~~~~~~~~~~~~~~~~~~~~~~~~~~~~~~~~~~~~~~~~~~~~~~~~~~~~~~~~~~~~~~~~~~~~~~~~~~~~~~~~~~~~~~~~~~~~~~~~~~~~~~~
../nodejs/src/addon.h:189:5: warning: ignoring return value of function declared with 'warn_unused_result' attribute [-Wunused-result]
    array->Set(isolate->GetCurrentContext(), 2, String::NewFromUtf8(isolate, address.family,  NewStringType::kNormal).ToLocalChecked());
    ^~~~~~~~~~ ~~~~~~~~~~~~~~~~~~~~~~~~~~~~~~~~~~~~~~~~~~~~~~~~~~~~~~~~~~~~~~~~~~~~~~~~~~~~~~~~~~~~~~~~~~~~~~~~~~~~~~~~~~~~~~~~~~~~~~~
../nodejs/src/addon.h:213:9: warning: ignoring return value of function declared with 'warn_unused_result' attribute [-Wunused-result]
        Local<Function>::New(sc->isolate, sc->jsCallback)->Call(sc->isolate->GetCurrentContext(), Null(sc->isolate), 0, nullptr);
        ^~~~~~~~~~~~~~~~~~~~~~~~~~~~~~~~~~~~~~~~~~~~~~~~~~~~~~~ ~~~~~~~~~~~~~~~~~~~~~~~~~~~~~~~~~~~~~~~~~~~~~~~~~~~~~~~~~~~~~~~
../nodejs/src/addon.h:299:9: warning: ignoring return value of function declared with 'warn_unused_result' attribute [-Wunused-result]
        Local<Function>::New(isolate, *connectionCallback)->Call(isolate->GetCurrentContext(), Null(isolate), 1, argv);
        ^~~~~~~~~~~~~~~~~~~~~~~~~~~~~~~~~~~~~~~~~~~~~~~~~~~~~~~~ ~~~~~~~~~~~~~~~~~~~~~~~~~~~~~~~~~~~~~~~~~~~~~~~~~~~~
../nodejs/src/addon.h:316:13: warning: ignoring return value of function declared with 'warn_unused_result' attribute [-Wunused-result]
            Local<Function>::New(isolate, *messageCallback)->Call(isolate->GetCurrentContext(), Null(isolate), 2, argv);
            ^~~~~~~~~~~~~~~~~~~~~~~~~~~~~~~~~~~~~~~~~~~~~~~~~~~~~ ~~~~~~~~~~~~~~~~~~~~~~~~~~~~~~~~~~~~~~~~~~~~~~~~~~~~
../nodejs/src/addon.h:311:49: warning: lambda capture 'group' is not used [-Wunused-lambda-capture]
    group->onMessage([isolate, messageCallback, group](eioWS::WebSocket *webSocket, const char *message, size_t length, eioWS::OpCode opCode) {
                                              ~~^~~~~
../nodejs/src/addon.h:336:9: warning: ignoring return value of function declared with 'warn_unused_result' attribute [-Wunused-result]
        Local<Function>::New(isolate, *disconnectionCallback)->Call(isolate->GetCurrentContext(), Null(isolate), 4, argv);
        ^~~~~~~~~~~~~~~~~~~~~~~~~~~~~~~~~~~~~~~~~~~~~~~~~~~~~~~~~~~ ~~~~~~~~~~~~~~~~~~~~~~~~~~~~~~~~~~~~~~~~~~~~~~~~~~~~
../nodejs/src/addon.h:383:9: warning: ignoring return value of function declared with 'warn_unused_result' attribute [-Wunused-result]
        object->Set(isolate->GetCurrentContext(), String::NewFromUtf8(isolate, "group", NewStringType::kNormal).ToLocalChecked(), group);
        ^~~~~~~~~~~ ~~~~~~~~~~~~~~~~~~~~~~~~~~~~~~~~~~~~~~~~~~~~~~~~~~~~~~~~~~~~~~~~~~~~~~~~~~~~~~~~~~~~~~~~~~~~~~~~~~~~~~~~~~~~~~~~~~~
../nodejs/src/addon.cpp:7:5: warning: ignoring return value of function declared with 'warn_unused_result' attribute [-Wunused-result]
    exports->Set(isolate->GetCurrentContext(), String::NewFromUtf8(isolate, "server", NewStringType::kNormal).ToLocalChecked(), Namespace(isolate).object);
    ^~~~~~~~~~~~ ~~~~~~~~~~~~~~~~~~~~~~~~~~~~~~~~~~~~~~~~~~~~~~~~~~~~~~~~~~~~~~~~~~~~~~~~~~~~~~~~~~~~~~~~~~~~~~~~~~~~~~~~~~~~~~~~~~~~~~~~~~~~~~~~~~~~~~~~
In file included from ../nodejs/src/addon.cpp:2:
In file included from ../nodejs/src/addon.h:20:
In file included from ../nodejs/src/node_18_headers/crypto/crypto_tls.h:27:
In file included from ../nodejs/src/node_18_headers/crypto/../crypto/crypto_context.h:6:
In file included from ../nodejs/src/node_18_headers/crypto/../crypto/crypto_util.h:10:
../nodejs/src/node_18_headers/crypto/../node_internals.h:398:15: warning: private field 'category_' is not used [-Wunused-private-field]
  const char* category_;
              ^
../nodejs/src/node_18_headers/crypto/../node_internals.h:399:15: warning: private field 'name_' is not used [-Wunused-private-field]
  const char* name_;
              ^
../nodejs/src/node_18_headers/crypto/../node_internals.h:400:9: warning: private field 'id_' is not used [-Wunused-private-field]
  void* id_;
        ^
15 warnings and 3 errors generated.
make: *** [Release/obj.target/eiows/nodejs/src/addon.o] Error 1
gyp ERR! build error 
gyp ERR! stack Error: `make` failed with exit code: 2
gyp ERR! stack     at ChildProcess.onExit (/usr/local/lib/node_modules/npm/node_modules/node-gyp/lib/build.js:203:23)
gyp ERR! stack     at ChildProcess.emit (node:events:514:28)
gyp ERR! stack     at ChildProcess._handle.onexit (node:internal/child_process:291:12)
gyp ERR! System Darwin 22.6.0
gyp ERR! command "/usr/local/bin/node" "/usr/local/lib/node_modules/npm/node_modules/node-gyp/bin/node-gyp.js" "rebuild"
gyp ERR! cwd /Users/shubham/dev/ezo-of-server/node_modules/eiows
gyp ERR! node -v v18.17.1
gyp ERR! node-gyp -v v9.3.1
gyp ERR! not ok 
